# JRE version: Java(TM) SE Runtime Environment (8.0_60-b27) (build 1.8.0_60-b27)
# Java VM: Java HotSpot(TM) 64-Bit Server VM (25.60-b23 mixed mode linux-amd64 compressed oops)
Heap:
 PSYoungGen      total 36864K, used 14475K [0x00000000d6d80000, 0x00000000d9680000, 0x0000000100000000)
  eden space 31744K, 36% used [0x00000000d6d80000,0x00000000d78d9c28,0x00000000d8c80000)
  from space 5120K, 55% used [0x00000000d9180000,0x00000000d9449050,0x00000000d9680000)
  to   space 5120K, 0% used [0x00000000d8c80000,0x00000000d8c80000,0x00000000d9180000)
 ParOldGen       total 84992K, used 32K [0x0000000084800000, 0x0000000089b00000, 0x00000000d6d80000)
  object space 84992K, 0% used [0x0000000084800000,0x0000000084808000,0x0000000089b00000)
 Metaspace       used 15304K, capacity 15450K, committed 15744K, reserved 1062912K
  class space    used 1803K, capacity 1863K, committed 1920K, reserved 1048576K
GC Heap History (4 events):
Event: 3791.666 GC heap before
{Heap before GC invocations=1 (full 0):
 PSYoungGen      total 36864K, used 31744K [0x00000000d6d80000, 0x00000000d9680000, 0x0000000100000000)
  eden space 31744K, 100% used [0x00000000d6d80000,0x00000000d8c80000,0x00000000d8c80000)
  from space 5120K, 0% used [0x00000000d9180000,0x00000000d9180000,0x00000000d9680000)
  to   space 5120K, 0% used [0x00000000d8c80000,0x00000000d8c80000,0x00000000d9180000)
 ParOldGen       total 84992K, used 0K [0x0000000084800000, 0x0000000089b00000, 0x00000000d6d80000)
  object space 84992K, 0% used [0x0000000084800000,0x0000000084800000,0x0000000089b00000)
 Metaspace       used 15289K, capacity 15450K, committed 15744K, reserved 1062912K
  class space    used 1802K, capacity 1863K, committed 1920K, reserved 1048576K
Event: 3791.673 GC heap after
Heap after GC invocations=1 (full 0):
 PSYoungGen      total 36864K, used 3042K [0x00000000d6d80000, 0x00000000d9680000, 0x0000000100000000)
  eden space 31744K, 0% used [0x00000000d6d80000,0x00000000d6d80000,0x00000000d8c80000)
  from space 5120K, 59% used [0x00000000d8c80000,0x00000000d8f78840,0x00000000d9180000)
  to   space 5120K, 0% used [0x00000000d9180000,0x00000000d9180000,0x00000000d9680000)
 ParOldGen       total 84992K, used 24K [0x0000000084800000, 0x0000000089b00000, 0x00000000d6d80000)
  object space 84992K, 0% used [0x0000000084800000,0x0000000084806000,0x0000000089b00000)
 Metaspace       used 15289K, capacity 15450K, committed 15744K, reserved 1062912K
  class space    used 1802K, capacity 1863K, committed 1920K, reserved 1048576K
}
Event: 10906.469 GC heap before
{Heap before GC invocations=2 (full 0):
 PSYoungGen      total 36864K, used 34786K [0x00000000d6d80000, 0x00000000d9680000, 0x0000000100000000)
  eden space 31744K, 100% used [0x00000000d6d80000,0x00000000d8c80000,0x00000000d8c80000)
  from space 5120K, 59% used [0x00000000d8c80000,0x00000000d8f78840,0x00000000d9180000)
  to   space 5120K, 0% used [0x00000000d9180000,0x00000000d9180000,0x00000000d9680000)
 ParOldGen       total 84992K, used 24K [0x0000000084800000, 0x0000000089b00000, 0x00000000d6d80000)
  object space 84992K, 0% used [0x0000000084800000,0x0000000084806000,0x0000000089b00000)
 Metaspace       used 15293K, capacity 15450K, committed 15744K, reserved 1062912K
  class space    used 1802K, capacity 1863K, committed 1920K, reserved 1048576K
Event: 10906.475 GC heap after
Heap after GC invocations=2 (full 0):
 PSYoungGen      total 36864K, used 2852K [0x00000000d6d80000, 0x00000000d9680000, 0x0000000100000000)
  eden space 31744K, 0% used [0x00000000d6d80000,0x00000000d6d80000,0x00000000d8c80000)
  from space 5120K, 55% used [0x00000000d9180000,0x00000000d9449050,0x00000000d9680000)
  to   space 5120K, 0% used [0x00000000d8c80000,0x00000000d8c80000,0x00000000d9180000)
 ParOldGen       total 84992K, used 32K [0x0000000084800000, 0x0000000089b00000, 0x00000000d6d80000)
  object space 84992K, 0% used [0x0000000084800000,0x0000000084808000,0x0000000089b00000)
 Metaspace       used 15293K, capacity 15450K, committed 15744K, reserved 1062912K
  class space    used 1802K, capacity 1863K, committed 1920K, reserved 1048576K
}

